<?xml version="1.0" encoding="UTF-8"?>
<coverage generated="1618166995416" clover="3.2.0">
  <project timestamp="1618166995416" name="All files">
    <metrics statements="46" coveredstatements="37" conditionals="8" coveredconditionals="5" methods="11" coveredmethods="5" elements="65" coveredelements="47" complexity="0" loc="46" ncloc="46" packages="4" files="6" classes="6"/>
    <package name="constants">
      <metrics statements="1" coveredstatements="1" conditionals="0" coveredconditionals="0" methods="0" coveredmethods="0"/>
      <file name="LocalStorageKeys.ts" path="C:\workspace-version-control\Workspace\employer-tracker\src\constants\LocalStorageKeys.ts">
        <metrics statements="1" coveredstatements="1" conditionals="0" coveredconditionals="0" methods="0" coveredmethods="0"/>
        <line num="1" count="1" type="stmt"/>
      </file>
    </package>
    <package name="contexts">
      <metrics statements="19" coveredstatements="12" conditionals="4" coveredconditionals="3" methods="9" coveredmethods="4"/>
      <file name="LocalStorageContext.tsx" path="C:\workspace-version-control\Workspace\employer-tracker\src\contexts\LocalStorageContext.tsx">
        <metrics statements="12" coveredstatements="6" conditionals="2" coveredconditionals="1" methods="6" coveredmethods="2"/>
        <line num="1" count="1" type="stmt"/>
        <line num="11" count="1" type="stmt"/>
        <line num="13" count="0" type="stmt"/>
        <line num="14" count="0" type="stmt"/>
        <line num="17" count="0" type="stmt"/>
        <line num="20" count="0" type="stmt"/>
        <line num="22" count="1" type="cond" truecount="1" falsecount="1"/>
        <line num="23" count="1" type="stmt"/>
        <line num="26" count="1" type="stmt"/>
        <line num="29" count="0" type="stmt"/>
        <line num="34" count="0" type="stmt"/>
        <line num="40" count="1" type="stmt"/>
      </file>
      <file name="ThemeContext.tsx" path="C:\workspace-version-control\Workspace\employer-tracker\src\contexts\ThemeContext.tsx">
        <metrics statements="7" coveredstatements="6" conditionals="2" coveredconditionals="2" methods="3" coveredmethods="2"/>
        <line num="1" count="1" type="stmt"/>
        <line num="8" count="1" type="cond" truecount="2" falsecount="0"/>
        <line num="9" count="1" type="stmt"/>
        <line num="10" count="1" type="stmt"/>
        <line num="13" count="1" type="stmt"/>
        <line num="16" count="0" type="stmt"/>
        <line num="20" count="1" type="stmt"/>
      </file>
    </package>
    <package name="providers">
      <metrics statements="20" coveredstatements="18" conditionals="4" coveredconditionals="2" methods="2" coveredmethods="1"/>
      <file name="ThemeProvider.tsx" path="C:\workspace-version-control\Workspace\employer-tracker\src\providers\ThemeProvider.tsx">
        <metrics statements="20" coveredstatements="18" conditionals="4" coveredconditionals="2" methods="2" coveredmethods="1"/>
        <line num="1" count="1" type="stmt"/>
        <line num="2" count="1" type="stmt"/>
        <line num="3" count="1" type="stmt"/>
        <line num="4" count="1" type="stmt"/>
        <line num="5" count="1" type="stmt"/>
        <line num="6" count="1" type="stmt"/>
        <line num="7" count="1" type="stmt"/>
        <line num="8" count="1" type="stmt"/>
        <line num="9" count="1" type="stmt"/>
        <line num="10" count="1" type="stmt"/>
        <line num="16" count="1" type="stmt"/>
        <line num="17" count="1" type="stmt"/>
        <line num="19" count="1" type="stmt"/>
        <line num="21" count="1" type="stmt"/>
        <line num="22" count="1" type="stmt"/>
        <line num="29" count="1" type="stmt"/>
        <line num="30" count="0" type="stmt"/>
        <line num="31" count="0" type="stmt"/>
        <line num="34" count="1" type="cond" truecount="1" falsecount="1"/>
        <line num="36" count="1" type="stmt"/>
      </file>
    </package>
    <package name="themes">
      <metrics statements="6" coveredstatements="6" conditionals="0" coveredconditionals="0" methods="0" coveredmethods="0"/>
      <file name="Dark.ts" path="C:\workspace-version-control\Workspace\employer-tracker\src\themes\Dark.ts">
        <metrics statements="3" coveredstatements="3" conditionals="0" coveredconditionals="0" methods="0" coveredmethods="0"/>
        <line num="1" count="1" type="stmt"/>
        <line num="3" count="1" type="stmt"/>
        <line num="9" count="1" type="stmt"/>
      </file>
      <file name="Light.ts" path="C:\workspace-version-control\Workspace\employer-tracker\src\themes\Light.ts">
        <metrics statements="3" coveredstatements="3" conditionals="0" coveredconditionals="0" methods="0" coveredmethods="0"/>
        <line num="1" count="1" type="stmt"/>
        <line num="3" count="1" type="stmt"/>
        <line num="9" count="1" type="stmt"/>
      </file>
    </package>
  </project>
</coverage>
