{"C:\\workspace-version-control\\Workspace\\employer-tracker\\src\\constants\\LocalStorageKeys.ts": {"path":"C:\\workspace-version-control\\Workspace\\employer-tracker\\src\\constants\\LocalStorageKeys.ts","statementMap":{"0":{"start":{"line":1,"column":0},"end":{"line":3,"column":2}}},"fnMap":{},"branchMap":{},"s":{"0":1},"f":{},"b":{}}
,"C:\\workspace-version-control\\Workspace\\employer-tracker\\src\\contexts\\LocalStorageContext.tsx": {"path":"C:\\workspace-version-control\\Workspace\\employer-tracker\\src\\contexts\\LocalStorageContext.tsx","statementMap":{"0":{"start":{"line":1,"column":0},"end":{"line":1,"column":50}},"1":{"start":{"line":11,"column":13},"end":{"line":38,"column":3}},"2":{"start":{"line":13,"column":4},"end":{"line":13,"column":66}},"3":{"start":{"line":14,"column":4},"end":{"line":14,"column":14}},"4":{"start":{"line":17,"column":4},"end":{"line":19,"column":6}},"5":{"start":{"line":20,"column":4},"end":{"line":20,"column":16}},"6":{"start":{"line":22,"column":26},"end":{"line":22,"column":null}},"7":{"start":{"line":23,"column":4},"end":{"line":25,"column":6}},"8":{"start":{"line":26,"column":4},"end":{"line":26,"column":24}},"9":{"start":{"line":29,"column":4},"end":{"line":31,"column":6}},"10":{"start":{"line":34,"column":4},"end":{"line":36,"column":6}},"11":{"start":{"line":40,"column":31},"end":{"line":40,"column":47}},"12":{"start":{"line":40,"column":37},"end":{"line":40,"column":69}},"13":{"start":{"line":40,"column":13},"end":{"line":40,"column":31}}},"fnMap":{"0":{"name":"(anonymous_0)","decl":{"start":{"line":12,"column":8},"end":{"line":12,"column":null}},"loc":{"start":{"line":12,"column":8},"end":{"line":15,"column":3}}},"1":{"name":"(anonymous_1)","decl":{"start":{"line":16,"column":11},"end":{"line":16,"column":12}},"loc":{"start":{"line":16,"column":15},"end":{"line":21,"column":3}}},"2":{"name":"(anonymous_2)","decl":{"start":{"line":22,"column":20},"end":{"line":22,"column":21}},"loc":{"start":{"line":22,"column":45},"end":{"line":27,"column":3}}},"3":{"name":"(anonymous_3)","decl":{"start":{"line":28,"column":11},"end":{"line":28,"column":12}},"loc":{"start":{"line":28,"column":22},"end":{"line":32,"column":3}}},"4":{"name":"(anonymous_4)","decl":{"start":{"line":33,"column":14},"end":{"line":33,"column":15}},"loc":{"start":{"line":33,"column":18},"end":{"line":37,"column":3}}},"5":{"name":"(anonymous_5)","decl":{"start":{"line":40,"column":31},"end":{"line":40,"column":37}},"loc":{"start":{"line":40,"column":31},"end":{"line":40,"column":47}}}},"branchMap":{"0":{"loc":{"start":{"line":22,"column":26},"end":{"line":22,"column":null}},"type":"if","locations":[{"start":{"line":22,"column":26},"end":{"line":22,"column":null}},{"start":{"line":22,"column":26},"end":{"line":22,"column":null}}]}},"s":{"0":1,"1":1,"2":0,"3":0,"4":0,"5":0,"6":1,"7":1,"8":1,"9":0,"10":0,"11":1,"12":1,"13":1},"f":{"0":0,"1":0,"2":1,"3":0,"4":0,"5":1},"b":{"0":[0,1]}}
,"C:\\workspace-version-control\\Workspace\\employer-tracker\\src\\contexts\\ThemeContext.tsx": {"path":"C:\\workspace-version-control\\Workspace\\employer-tracker\\src\\contexts\\ThemeContext.tsx","statementMap":{"0":{"start":{"line":1,"column":0},"end":{"line":1,"column":50}},"1":{"start":{"line":8,"column":0},"end":{"line":8,"column":null}},"2":{"start":{"line":9,"column":2},"end":{"line":9,"column":null}},"3":{"start":{"line":10,"column":2},"end":{"line":10,"column":null}},"4":{"start":{"line":13,"column":13},"end":{"line":18,"column":3}},"5":{"start":{"line":16,"column":4},"end":{"line":16,"column":70}},"6":{"start":{"line":20,"column":27},"end":{"line":20,"column":43}},"7":{"start":{"line":20,"column":33},"end":{"line":20,"column":58}},"8":{"start":{"line":20,"column":13},"end":{"line":20,"column":27}}},"fnMap":{"0":{"name":"(anonymous_0)","decl":{"start":{"line":8,"column":0},"end":{"line":8,"column":12}},"loc":{"start":{"line":8,"column":17},"end":{"line":11,"column":1}}},"1":{"name":"(anonymous_1)","decl":{"start":{"line":15,"column":15},"end":{"line":15,"column":16}},"loc":{"start":{"line":15,"column":21},"end":{"line":17,"column":3}}},"2":{"name":"(anonymous_2)","decl":{"start":{"line":20,"column":27},"end":{"line":20,"column":33}},"loc":{"start":{"line":20,"column":27},"end":{"line":20,"column":43}}}},"branchMap":{"0":{"loc":{"start":{"line":8,"column":12},"end":{"line":8,"column":17}},"type":"binary-expr","locations":[{"start":{"line":8,"column":12},"end":{"line":8,"column":17}},{"start":{"line":8,"column":12},"end":{"line":8,"column":null}}]}},"s":{"0":1,"1":1,"2":1,"3":1,"4":1,"5":0,"6":1,"7":1,"8":1},"f":{"0":1,"1":0,"2":1},"b":{"0":[1,1]}}
,"C:\\workspace-version-control\\Workspace\\employer-tracker\\src\\providers\\ThemeProvider.tsx": {"path":"C:\\workspace-version-control\\Workspace\\employer-tracker\\src\\providers\\ThemeProvider.tsx","statementMap":{"0":{"start":{"line":1,"column":0},"end":{"line":1,"column":41}},"1":{"start":{"line":2,"column":0},"end":{"line":2,"column":37}},"2":{"start":{"line":3,"column":0},"end":{"line":3,"column":60}},"3":{"start":{"line":4,"column":0},"end":{"line":4,"column":77}},"4":{"start":{"line":5,"column":0},"end":{"line":5,"column":56}},"5":{"start":{"line":6,"column":0},"end":{"line":6,"column":63}},"6":{"start":{"line":7,"column":0},"end":{"line":7,"column":66}},"7":{"start":{"line":8,"column":0},"end":{"line":8,"column":61}},"8":{"start":{"line":9,"column":0},"end":{"line":9,"column":42}},"9":{"start":{"line":10,"column":0},"end":{"line":10,"column":44}},"10":{"start":{"line":16,"column":53},"end":{"line":44,"column":1}},"11":{"start":{"line":17,"column":10},"end":{"line":17,"column":null}},"12":{"start":{"line":19,"column":26},"end":{"line":19,"column":71}},"13":{"start":{"line":21,"column":40},"end":{"line":21,"column":57}},"14":{"start":{"line":21,"column":26},"end":{"line":21,"column":28}},"15":{"start":{"line":21,"column":35},"end":{"line":21,"column":40}},"16":{"start":{"line":22,"column":28},"end":{"line":26,"column":null}},"17":{"start":{"line":22,"column":14},"end":{"line":22,"column":16}},"18":{"start":{"line":22,"column":24},"end":{"line":22,"column":28}},"19":{"start":{"line":29,"column":22},"end":{"line":32,"column":3}},"20":{"start":{"line":30,"column":4},"end":{"line":30,"column":43}},"21":{"start":{"line":31,"column":4},"end":{"line":31,"column":20}},"22":{"start":{"line":34,"column":19},"end":{"line":34,"column":70}},"23":{"start":{"line":36,"column":2},"end":{"line":43,"column":4}},"24":{"start":{"line":16,"column":13},"end":{"line":16,"column":53}}},"fnMap":{"0":{"name":"(anonymous_1)","decl":{"start":{"line":16,"column":53},"end":{"line":16,"column":54}},"loc":{"start":{"line":18,"column":21},"end":{"line":44,"column":1}}},"1":{"name":"(anonymous_2)","decl":{"start":{"line":29,"column":22},"end":{"line":29,"column":23}},"loc":{"start":{"line":29,"column":35},"end":{"line":32,"column":3}}}},"branchMap":{"0":{"loc":{"start":{"line":25,"column":24},"end":{"line":25,"column":34}},"type":"cond-expr","locations":[{"start":{"line":25,"column":24},"end":{"line":25,"column":34}},{"start":{"line":25,"column":37},"end":{"line":25,"column":48}}]},"1":{"loc":{"start":{"line":34,"column":42},"end":{"line":34,"column":54}},"type":"cond-expr","locations":[{"start":{"line":34,"column":42},"end":{"line":34,"column":54}},{"start":{"line":34,"column":57},"end":{"line":34,"column":70}}]}},"s":{"0":1,"1":1,"2":1,"3":1,"4":1,"5":1,"6":1,"7":1,"8":1,"9":1,"10":1,"11":1,"12":1,"13":1,"14":1,"15":1,"16":1,"17":1,"18":1,"19":1,"20":0,"21":0,"22":1,"23":1,"24":1},"f":{"0":1,"1":0},"b":{"0":[0,1],"1":[0,1]}}
,"C:\\workspace-version-control\\Workspace\\employer-tracker\\src\\themes\\Dark.ts": {"path":"C:\\workspace-version-control\\Workspace\\employer-tracker\\src\\themes\\Dark.ts","statementMap":{"0":{"start":{"line":1,"column":0},"end":{"line":1,"column":58}},"1":{"start":{"line":3,"column":13},"end":{"line":7,"column":2}},"2":{"start":{"line":9,"column":0},"end":{"line":9,"column":20}}},"fnMap":{},"branchMap":{},"s":{"0":1,"1":1,"2":1},"f":{},"b":{}}
,"C:\\workspace-version-control\\Workspace\\employer-tracker\\src\\themes\\Light.ts": {"path":"C:\\workspace-version-control\\Workspace\\employer-tracker\\src\\themes\\Light.ts","statementMap":{"0":{"start":{"line":1,"column":0},"end":{"line":1,"column":58}},"1":{"start":{"line":3,"column":14},"end":{"line":7,"column":2}},"2":{"start":{"line":9,"column":0},"end":{"line":9,"column":21}}},"fnMap":{},"branchMap":{},"s":{"0":1,"1":1,"2":1},"f":{},"b":{}}
}
