TN:
SF:src\constants\LocalStorageKeys.ts
FNF:0
FNH:0
DA:1,1
LF:1
LH:1
BRF:0
BRH:0
end_of_record
TN:
SF:src\contexts\LocalStorageContext.tsx
FN:12,(anonymous_0)
FN:16,(anonymous_1)
FN:22,(anonymous_2)
FN:28,(anonymous_3)
FN:33,(anonymous_4)
FN:40,(anonymous_5)
FNF:6
FNH:2
FNDA:0,(anonymous_0)
FNDA:0,(anonymous_1)
FNDA:1,(anonymous_2)
FNDA:0,(anonymous_3)
FNDA:0,(anonymous_4)
FNDA:1,(anonymous_5)
DA:1,1
DA:11,1
DA:13,0
DA:14,0
DA:17,0
DA:20,0
DA:22,1
DA:23,1
DA:26,1
DA:29,0
DA:34,0
DA:40,1
LF:12
LH:6
BRDA:22,0,0,0
BRDA:22,0,1,1
BRF:2
BRH:1
end_of_record
TN:
SF:src\contexts\ThemeContext.tsx
FN:8,(anonymous_0)
FN:15,(anonymous_1)
FN:20,(anonymous_2)
FNF:3
FNH:2
FNDA:1,(anonymous_0)
FNDA:0,(anonymous_1)
FNDA:1,(anonymous_2)
DA:1,1
DA:8,1
DA:9,1
DA:10,1
DA:13,1
DA:16,0
DA:20,1
LF:7
LH:6
BRDA:8,0,0,1
BRDA:8,0,1,1
BRF:2
BRH:2
end_of_record
TN:
SF:src\providers\ThemeProvider.tsx
FN:16,(anonymous_1)
FN:29,(anonymous_2)
FNF:2
FNH:1
FNDA:1,(anonymous_1)
FNDA:0,(anonymous_2)
DA:1,1
DA:2,1
DA:3,1
DA:4,1
DA:5,1
DA:6,1
DA:7,1
DA:8,1
DA:9,1
DA:10,1
DA:16,1
DA:17,1
DA:19,1
DA:21,1
DA:22,1
DA:29,1
DA:30,0
DA:31,0
DA:34,1
DA:36,1
LF:20
LH:18
BRDA:25,0,0,0
BRDA:25,0,1,1
BRDA:34,1,0,0
BRDA:34,1,1,1
BRF:4
BRH:2
end_of_record
TN:
SF:src\themes\Dark.ts
FNF:0
FNH:0
DA:1,1
DA:3,1
DA:9,1
LF:3
LH:3
BRF:0
BRH:0
end_of_record
TN:
SF:src\themes\Light.ts
FNF:0
FNH:0
DA:1,1
DA:3,1
DA:9,1
LF:3
LH:3
BRF:0
BRH:0
end_of_record
